<?xml version="1.0" encoding="UTF-8"?>
<testsuite xmlns:xsi="http://www.w3.org/2001/XMLSchema-instance" xsi:schemaLocation="https://maven.apache.org/surefire/maven-surefire-plugin/xsd/surefire-test-report.xsd" name="com.thaivun01.evaluation.PostFixCalculatorTest" time="0" tests="20" errors="0" skipped="0" failures="0">
  <properties>
    <property name="java.runtime.name" value="Java(TM) SE Runtime Environment"/>
    <property name="sun.boot.library.path" value="C:\Program Files\Java\jdk1.8.0_66\jre\bin"/>
    <property name="java.vm.version" value="25.66-b18"/>
    <property name="java.vm.vendor" value="Oracle Corporation"/>
    <property name="java.vendor.url" value="http://java.oracle.com/"/>
    <property name="path.separator" value=";"/>
    <property name="guice.disable.misplaced.annotation.check" value="true"/>
    <property name="java.vm.name" value="Java HotSpot(TM) 64-Bit Server VM"/>
    <property name="file.encoding.pkg" value="sun.io"/>
    <property name="user.script" value=""/>
    <property name="user.country" value="US"/>
    <property name="sun.java.launcher" value="SUN_STANDARD"/>
    <property name="sun.os.patch.level" value=""/>
    <property name="java.vm.specification.name" value="Java Virtual Machine Specification"/>
    <property name="user.dir" value="F:\javaproject\evaluatorproject"/>
    <property name="java.runtime.version" value="1.8.0_66-b18"/>
    <property name="java.awt.graphicsenv" value="sun.awt.Win32GraphicsEnvironment"/>
    <property name="java.endorsed.dirs" value="C:\Program Files\Java\jdk1.8.0_66\jre\lib\endorsed"/>
    <property name="os.arch" value="amd64"/>
    <property name="java.io.tmpdir" value="C:\Users\MDThai\AppData\Local\Temp\"/>
    <property name="line.separator" value="&#10;"/>
    <property name="java.vm.specification.vendor" value="Oracle Corporation"/>
    <property name="user.variant" value=""/>
    <property name="os.name" value="Windows 10"/>
    <property name="maven.ext.class.path" value="D:\Hipster\Programming tools\NetBeans 8.1\java\maven-nblib\netbeans-eventspy.jar"/>
    <property name="classworlds.conf" value="D:\Hipster\Programming tools\NetBeans 8.1\java\maven\bin\m2.conf"/>
    <property name="sun.jnu.encoding" value="MS932"/>
    <property name="java.library.path" value="C:\Program Files\Java\jdk1.8.0_66\bin;C:\WINDOWS\Sun\Java\bin;C:\WINDOWS\system32;C:\WINDOWS;E:\product\12.1.0\dbhome_1\bin;C:\ProgramData\Oracle\Java\javapath;C:\Windows\system32;C:\Windows;C:\Windows\System32\Wbem;C:\Windows\System32\WindowsPowerShell\v1.0\;C:\Program Files (x86)\Skype\Phone\;C:\Users\MDThai\.dnx\bin;C:\Program Files\Microsoft DNX\Dnvm\;C:\Program Files (x86)\NVIDIA Corporation\PhysX\Common;C:\Program Files (x86)\QuickTime\QTSystem\;C:\Program Files (x86)\Windows Kits\10\Windows Performance Toolkit\;C:\Program Files (x86)\MySQL\MySQL Fabric 1.5 &amp; MySQL Utilities 1.5\;C:\Program Files (x86)\MySQL\MySQL Fabric 1.5 &amp; MySQL Utilities 1.5\Doctrine extensions for PHP\;C:\Program Files\MySQL\MySQL Server 5.7\bin;C:\Program Files\Git\cmd;C:\HashiCorp\Vagrant\bin;C:\WINDOWS\system32;C:\WINDOWS;C:\WINDOWS\System32\Wbem;C:\WINDOWS\System32\WindowsPowerShell\v1.0\;C:\wamp\bin\php\php5.6.19;C:\Users\MDThai\AppData\Local\Microsoft\WindowsApps;;."/>
    <property name="java.specification.name" value="Java Platform API Specification"/>
    <property name="java.class.version" value="52.0"/>
    <property name="sun.management.compiler" value="HotSpot 64-Bit Tiered Compilers"/>
    <property name="os.version" value="10.0"/>
    <property name="user.home" value="C:\Users\MDThai"/>
    <property name="user.timezone" value="America/New_York"/>
    <property name="java.awt.printerjob" value="sun.awt.windows.WPrinterJob"/>
    <property name="java.specification.version" value="1.8"/>
    <property name="file.encoding" value="UTF-8"/>
    <property name="user.name" value="MDThai"/>
    <property name="java.class.path" value="D:\Hipster\Programming tools\NetBeans 8.1\java\maven\boot\plexus-classworlds-2.4.jar"/>
    <property name="java.vm.specification.version" value="1.8"/>
    <property name="sun.arch.data.model" value="64"/>
    <property name="java.home" value="C:\Program Files\Java\jdk1.8.0_66\jre"/>
    <property name="sun.java.command" value="org.codehaus.plexus.classworlds.launcher.Launcher -Dmaven.ext.class.path=D:\Hipster\Programming tools\NetBeans 8.1\java\maven-nblib\netbeans-eventspy.jar -Dfile.encoding=UTF-8 clean install"/>
    <property name="java.specification.vendor" value="Oracle Corporation"/>
    <property name="user.language" value="en"/>
    <property name="awt.toolkit" value="sun.awt.windows.WToolkit"/>
    <property name="java.vm.info" value="mixed mode"/>
    <property name="java.version" value="1.8.0_66"/>
    <property name="java.ext.dirs" value="C:\Program Files\Java\jdk1.8.0_66\jre\lib\ext;C:\WINDOWS\Sun\Java\lib\ext"/>
    <property name="sun.boot.class.path" value="C:\Program Files\Java\jdk1.8.0_66\jre\lib\resources.jar;C:\Program Files\Java\jdk1.8.0_66\jre\lib\rt.jar;C:\Program Files\Java\jdk1.8.0_66\jre\lib\sunrsasign.jar;C:\Program Files\Java\jdk1.8.0_66\jre\lib\jsse.jar;C:\Program Files\Java\jdk1.8.0_66\jre\lib\jce.jar;C:\Program Files\Java\jdk1.8.0_66\jre\lib\charsets.jar;C:\Program Files\Java\jdk1.8.0_66\jre\lib\jfr.jar;C:\Program Files\Java\jdk1.8.0_66\jre\classes"/>
    <property name="java.vendor" value="Oracle Corporation"/>
    <property name="maven.home" value="D:\Hipster\Programming tools\NetBeans 8.1\java\maven"/>
    <property name="file.separator" value="\"/>
    <property name="java.vendor.url.bug" value="http://bugreport.sun.com/bugreport/"/>
    <property name="sun.cpu.endian" value="little"/>
    <property name="sun.io.unicode.encoding" value="UnicodeLittle"/>
    <property name="sun.desktop" value="windows"/>
    <property name="sun.cpu.isalist" value="amd64"/>
  </properties>
  <testcase name="testCalculate[0 plan[[Ljava.lang.String;@532760d8]=3]]" classname="com.thaivun01.evaluation.PostFixCalculatorTest" time="0"/>
  <testcase name="testCalculate[1 plan[[Ljava.lang.String;@57fa26b7]=0.5]]" classname="com.thaivun01.evaluation.PostFixCalculatorTest" time="0"/>
  <testcase name="testCalculate[2 plan[[Ljava.lang.String;@5f8ed237]=0.3333333333333333]]" classname="com.thaivun01.evaluation.PostFixCalculatorTest" time="0"/>
  <testcase name="testCalculate[3 plan[[Ljava.lang.String;@2f410acf]=1]]" classname="com.thaivun01.evaluation.PostFixCalculatorTest" time="0"/>
  <testcase name="testCalculate[4 plan[[Ljava.lang.String;@47089e5f]=4.285714285714286]]" classname="com.thaivun01.evaluation.PostFixCalculatorTest" time="0"/>
  <testcase name="testCalculate[5 plan[[Ljava.lang.String;@4141d797]=5]]" classname="com.thaivun01.evaluation.PostFixCalculatorTest" time="0"/>
  <testcase name="testCalculate[6 plan[[Ljava.lang.String;@68f7aae2]=52]]" classname="com.thaivun01.evaluation.PostFixCalculatorTest" time="0"/>
  <testcase name="testCalculate[7 plan[[Ljava.lang.String;@4f47d241]=-37990]]" classname="com.thaivun01.evaluation.PostFixCalculatorTest" time="0"/>
  <testcase name="testCalculate[8 plan[[Ljava.lang.String;@4c3e4790]=-3.97]]" classname="com.thaivun01.evaluation.PostFixCalculatorTest" time="0"/>
  <testcase name="testCalculate[9 plan[[Ljava.lang.String;@38cccef]=147.66666666666666]]" classname="com.thaivun01.evaluation.PostFixCalculatorTest" time="0"/>
  <testcase name="testCalculate[10 plan[[Ljava.lang.String;@5679c6c6]=34]]" classname="com.thaivun01.evaluation.PostFixCalculatorTest" time="0"/>
  <testcase name="testCalculate[11 plan[[Ljava.lang.String;@27ddd392]=20]]" classname="com.thaivun01.evaluation.PostFixCalculatorTest" time="0"/>
  <testcase name="testCalculate[12 plan[[Ljava.lang.String;@19e1023e]=908.7996678743962]]" classname="com.thaivun01.evaluation.PostFixCalculatorTest" time="0"/>
  <testcase name="testCalculate[13 plan[[Ljava.lang.String;@7cef4e59]=65]]" classname="com.thaivun01.evaluation.PostFixCalculatorTest" time="0"/>
  <testcase name="testCalculate[14 plan[[Ljava.lang.String;@64b8f8f4]=106]]" classname="com.thaivun01.evaluation.PostFixCalculatorTest" time="0"/>
  <testcase name="testCalculate[15 plan[[Ljava.lang.String;@2db0f6b2]=-4.5]]" classname="com.thaivun01.evaluation.PostFixCalculatorTest" time="0"/>
  <testcase name="testCalculate[16 plan[[Ljava.lang.String;@3cd1f1c8]=-97]]" classname="com.thaivun01.evaluation.PostFixCalculatorTest" time="0"/>
  <testcase name="testCalculate[17 plan[[Ljava.lang.String;@3a4afd8d]=NaN]]" classname="com.thaivun01.evaluation.PostFixCalculatorTest" time="0"/>
  <testcase name="testCalculate[18 plan[[Ljava.lang.String;@1996cd68]=39.89846153846153]]" classname="com.thaivun01.evaluation.PostFixCalculatorTest" time="0"/>
  <testcase name="testCalculate[19 plan[[Ljava.lang.String;@3339ad8e]=6.894736842105264]]" classname="com.thaivun01.evaluation.PostFixCalculatorTest" time="0"/>
</testsuite>